
Build: , 
Ensured namespaces exist in all clusters.
creating central cluster roles in cluster: gke_scratch-kubernetes-team_europe-central2-a_k8s-mdb-0-6818b1e6ee6c070007435b51-28476
created clusterrole: mongodb-kubernetes-operator-multi-cluster-role-telemetry
created clusterrolebinding: mongodb-kubernetes-operator-multi-telemetry-cluster-role-binding
created clusterrole: mongodb-kubernetes-operator-multi-cluster-role-telemetry
created clusterrolebinding: mongodb-kubernetes-operator-multi-telemetry-cluster-role-binding
creating member roles in cluster: gke_scratch-kubernetes-team_europe-central2-b_k8s-mdb-1-6818b1e6ee6c070007435b51-28476
created clusterrole: mongodb-kubernetes-operator-multi-cluster-role-telemetry
created clusterrolebinding: mongodb-kubernetes-operator-multi-telemetry-cluster-role-binding
created clusterrole: mongodb-kubernetes-operator-multi-cluster-role-telemetry
created clusterrolebinding: mongodb-kubernetes-operator-multi-telemetry-cluster-role-binding
creating member roles in cluster: gke_scratch-kubernetes-team_europe-central2-c_k8s-mdb-2-6818b1e6ee6c070007435b51-28476
created clusterrole: mongodb-kubernetes-operator-multi-cluster-role-telemetry
created clusterrolebinding: mongodb-kubernetes-operator-multi-telemetry-cluster-role-binding
created clusterrole: mongodb-kubernetes-operator-multi-cluster-role-telemetry
created clusterrolebinding: mongodb-kubernetes-operator-multi-telemetry-cluster-role-binding
Ensured ServiceAccounts and Roles.
Creating KubeConfig secret mongodb-operator/mongodb-enterprise-operator-multi-cluster-kubeconfig in cluster gke_scratch-kubernetes-team_europe-central2-a_k8s-mdb-0-6818b1e6ee6c070007435b51-28476
Ensured database Roles in member clusters.
Creating Member list Configmap mongodb-operator/mongodb-kubernetes-operator-member-list in cluster gke_scratch-kubernetes-team_europe-central2-a_k8s-mdb-0-6818b1e6ee6c070007435b51-28476

Build: , 
Ensured namespaces exist in all clusters.
creating central cluster roles in cluster: gke_scratch-kubernetes-team_europe-central2-a_k8s-mdb-0-6818b1e6ee6c070007435b51-28476
created clusterrole: mongodb-kubernetes-operator-multi-cluster-role-telemetry
created clusterrolebinding: mongodb-kubernetes-operator-multi-telemetry-cluster-role-binding
created clusterrole: mongodb-kubernetes-operator-multi-cluster-role-telemetry
created clusterrolebinding: mongodb-kubernetes-operator-multi-telemetry-cluster-role-binding
creating member roles in cluster: gke_scratch-kubernetes-team_europe-central2-b_k8s-mdb-1-6818b1e6ee6c070007435b51-28476
created clusterrole: mongodb-kubernetes-operator-multi-cluster-role-telemetry
created clusterrolebinding: mongodb-kubernetes-operator-multi-telemetry-cluster-role-binding
created clusterrole: mongodb-kubernetes-operator-multi-cluster-role-telemetry
created clusterrolebinding: mongodb-kubernetes-operator-multi-telemetry-cluster-role-binding
creating member roles in cluster: gke_scratch-kubernetes-team_europe-central2-c_k8s-mdb-2-6818b1e6ee6c070007435b51-28476
created clusterrole: mongodb-kubernetes-operator-multi-cluster-role-telemetry
created clusterrolebinding: mongodb-kubernetes-operator-multi-telemetry-cluster-role-binding
created clusterrole: mongodb-kubernetes-operator-multi-cluster-role-telemetry
created clusterrolebinding: mongodb-kubernetes-operator-multi-telemetry-cluster-role-binding
Ensured ServiceAccounts and Roles.
Creating KubeConfig secret mongodb-operator/mongodb-enterprise-operator-multi-cluster-kubeconfig in cluster gke_scratch-kubernetes-team_europe-central2-a_k8s-mdb-0-6818b1e6ee6c070007435b51-28476
Secret mongodb-operator/mongodb-enterprise-operator-multi-cluster-kubeconfig already exists, updating it
Ensured database Roles in member clusters.
Creating Member list Configmap mongodb-operator/mongodb-kubernetes-operator-member-list in cluster gke_scratch-kubernetes-team_europe-central2-a_k8s-mdb-0-6818b1e6ee6c070007435b51-28476
