Release "mongodb-kubernetes" does not exist. Installing it now.
NAME: mongodb-kubernetes
LAST DEPLOYED: Sat May 10 11:44:37 2025
NAMESPACE: mongodb
STATUS: deployed
REVISION: 1
TEST SUITE: None
USER-SUPPLIED VALUES:
agent:
  version: 108.0.2.8729-1
database:
  name: mongodb-kubernetes-database
  version: 681da7cd38e00c0007d35c5d
initAppDb:
  version: 681da7cd38e00c0007d35c5d
initDatabase:
  version: 681da7cd38e00c0007d35c5d
initOpsManager:
  version: 681da7cd38e00c0007d35c5d
managedSecurityContext: false
mongodb:
  imageType: ubi9
  name: mongodb-enterprise-server
operator:
  enablePVCResize: true
  maxConcurrentReconciles: 10
  mdbDefaultArchitecture: non-static
  telemetry:
    collection:
      frequency: 1m
    send:
      enabled: false
  version: 681da7cd38e00c0007d35c5d
opsManager:
  name: mongodb-enterprise-ops-manager-ubi
registry:
  agent: 268558157000.dkr.ecr.us-east-1.amazonaws.com/dev
  appDb: quay.io/mongodb
  database: 268558157000.dkr.ecr.us-east-1.amazonaws.com/dev
  imagePullSecrets: image-registries-secret
  initAppDb: 268558157000.dkr.ecr.us-east-1.amazonaws.com/dev
  initDatabase: 268558157000.dkr.ecr.us-east-1.amazonaws.com/dev
  initOpsManager: 268558157000.dkr.ecr.us-east-1.amazonaws.com/dev
  operator: 268558157000.dkr.ecr.us-east-1.amazonaws.com/dev
  opsManager: quay.io/mongodb

COMPUTED VALUES:
agent:
  name: mongodb-agent-ubi
  version: 108.0.2.8729-1
community:
  agent:
    name: mongodb-agent-ubi
    version: 108.0.2.8729-1
  mongodb:
    imageType: ubi8
    name: mongodb-community-server
    repo: quay.io/mongodb
  name: mongodb-database
  registry:
    agent: quay.io/mongodb
  resource:
    members: 3
    name: mongodb-replica-set
    tls:
      caCertificateSecretRef: tls-ca-key-pair
      certManager:
        certDuration: 8760h
        renewCertBefore: 720h
      certificateKeySecretRef: tls-certificate
      enabled: false
      sampleX509User: false
      useCertManager: true
      useX509: false
    version: 4.4.0
database:
  name: mongodb-kubernetes-database
  version: 681da7cd38e00c0007d35c5d
initAppDb:
  name: mongodb-kubernetes-init-appdb
  version: 681da7cd38e00c0007d35c5d
initDatabase:
  name: mongodb-kubernetes-init-database
  version: 681da7cd38e00c0007d35c5d
initOpsManager:
  name: mongodb-kubernetes-init-ops-manager
  version: 681da7cd38e00c0007d35c5d
managedSecurityContext: false
mongodb:
  appdbAssumeOldFormat: false
  imageType: ubi9
  name: mongodb-enterprise-server
  repo: quay.io/mongodb
multiCluster:
  clusterClientTimeout: 10
  clusters: []
  kubeConfigSecretName: mongodb-enterprise-operator-multi-cluster-kubeconfig
  performFailOver: true
operator:
  additionalArguments: []
  affinity: {}
  baseName: mongodb-kubernetes
  createOperatorServiceAccount: true
  createResourcesServiceAccountsAndRoles: true
  deployment_name: mongodb-kubernetes-operator
  enablePVCResize: true
  env: prod
  maxConcurrentReconciles: 10
  mdbDefaultArchitecture: non-static
  name: mongodb-kubernetes-operator
  nodeSelector: {}
  operator_image_name: mongodb-kubernetes
  replicas: 1
  resources:
    limits:
      cpu: 1100m
      memory: 1Gi
    requests:
      cpu: 500m
      memory: 200Mi
  telemetry:
    collection:
      clusters: {}
      deployments: {}
      frequency: 1m
      operators: {}
    send:
      enabled: false
      frequency: 168h
  tolerations: []
  vaultSecretBackend:
    enabled: false
    tlsSecretRef: ""
  version: 681da7cd38e00c0007d35c5d
  watchedResources:
  - mongodb
  - opsmanagers
  - mongodbusers
  - mongodbcommunity
  - mongodbsearch
  webhook:
    installClusterRole: true
    registerConfiguration: true
opsManager:
  name: mongodb-enterprise-ops-manager-ubi
readinessProbe:
  name: mongodb-kubernetes-readinessprobe
  version: 1.0.22
registry:
  agent: 268558157000.dkr.ecr.us-east-1.amazonaws.com/dev
  appDb: quay.io/mongodb
  database: 268558157000.dkr.ecr.us-east-1.amazonaws.com/dev
  imagePullSecrets: image-registries-secret
  initAppDb: 268558157000.dkr.ecr.us-east-1.amazonaws.com/dev
  initDatabase: 268558157000.dkr.ecr.us-east-1.amazonaws.com/dev
  initOpsManager: 268558157000.dkr.ecr.us-east-1.amazonaws.com/dev
  operator: 268558157000.dkr.ecr.us-east-1.amazonaws.com/dev
  opsManager: quay.io/mongodb
  pullPolicy: Always
  readinessProbe: quay.io/mongodb
  versionUpgradeHook: quay.io/mongodb
search:
  community:
    name: watchdiff
    repo: quay.io/lsierant
    version: mongot-community-bd5ac
subresourceEnabled: true
versionUpgradeHook:
  name: mongodb-kubernetes-operator-version-upgrade-post-start-hook
  version: 1.0.9

HOOKS:
MANIFEST:
---
# Source: mongodb-kubernetes/templates/database-roles.yaml
apiVersion: v1
kind: ServiceAccount
metadata:
  name: mongodb-kubernetes-appdb
  namespace: mongodb
imagePullSecrets:
  - name: image-registries-secret
---
# Source: mongodb-kubernetes/templates/database-roles.yaml
apiVersion: v1
kind: ServiceAccount
metadata:
  name: mongodb-kubernetes-database-pods
  namespace: mongodb
imagePullSecrets:
  - name: image-registries-secret
---
# Source: mongodb-kubernetes/templates/database-roles.yaml
apiVersion: v1
kind: ServiceAccount
metadata:
  name: mongodb-kubernetes-ops-manager
  namespace: mongodb
imagePullSecrets:
  - name: image-registries-secret
---
# Source: mongodb-kubernetes/templates/operator-sa.yaml
apiVersion: v1
kind: ServiceAccount
metadata:
  name: mongodb-kubernetes-operator
  namespace: mongodb
imagePullSecrets:
  - name: image-registries-secret
---
# Source: mongodb-kubernetes/templates/operator-roles.yaml
kind: ClusterRole
apiVersion: rbac.authorization.k8s.io/v1
metadata:
  name: mongodb-kubernetes-operator-mongodb-webhook
rules:
  - apiGroups:
      - "admissionregistration.k8s.io"
    resources:
      - validatingwebhookconfigurations
    verbs:
      - get
      - create
      - update
      - delete
  - apiGroups:
      - ""
    resources:
      - services
    verbs:
      - get
      - list
      - watch
      - create
      - update
      - delete
---
# Source: mongodb-kubernetes/templates/operator-roles.yaml
# Additional ClusterRole for clusterVersionDetection
kind: ClusterRole
apiVersion: rbac.authorization.k8s.io/v1
metadata:
  name: mongodb-kubernetes-operator-cluster-telemetry
rules:
  # Non-resource URL permissions
  - nonResourceURLs:
      - "/version"
    verbs:
      - get
  # Cluster-scoped resource permissions
  - apiGroups:
      - ''
    resources:
      - namespaces
    resourceNames:
      - kube-system
    verbs:
      - get
  - apiGroups:
      - ''
    resources:
      - nodes
    verbs:
      - list
---
# Source: mongodb-kubernetes/templates/operator-roles.yaml
kind: ClusterRoleBinding
apiVersion: rbac.authorization.k8s.io/v1
metadata:
  name: mongodb-kubernetes-operator-mongodb-webhook-binding
roleRef:
  apiGroup: rbac.authorization.k8s.io
  kind: ClusterRole
  name: mongodb-kubernetes-operator-mongodb-webhook
subjects:
  - kind: ServiceAccount
    name: mongodb-kubernetes-operator
    namespace: mongodb
---
# Source: mongodb-kubernetes/templates/operator-roles.yaml
# ClusterRoleBinding for clusterVersionDetection
kind: ClusterRoleBinding
apiVersion: rbac.authorization.k8s.io/v1
metadata:
  name: mongodb-kubernetes-operator-mongodb-cluster-telemetry-binding
roleRef:
  apiGroup: rbac.authorization.k8s.io
  kind: ClusterRole
  name: mongodb-kubernetes-operator-cluster-telemetry
subjects:
  - kind: ServiceAccount
    name: mongodb-kubernetes-operator
    namespace: mongodb
---
# Source: mongodb-kubernetes/templates/database-roles.yaml
kind: Role
apiVersion: rbac.authorization.k8s.io/v1
metadata:
  name: mongodb-kubernetes-appdb
  namespace: mongodb
rules:
  - apiGroups:
      - ''
    resources:
      - secrets
    verbs:
      - get
  - apiGroups:
      - ''
    resources:
      - pods
    verbs:
      - patch
      - delete
      - get
---
# Source: mongodb-kubernetes/templates/operator-roles.yaml
kind: Role
apiVersion: rbac.authorization.k8s.io/v1
metadata:
  name: mongodb-kubernetes-operator
  namespace: mongodb
rules:
  - apiGroups:
      - ''
    resources:
      - services
    verbs:
      - get
      - list
      - watch
      - create
      - update
      - delete
  - apiGroups:
      - ''
    resources:
      - secrets
      - configmaps
    verbs:
      - get
      - list
      - create
      - update
      - delete
      - watch
  - apiGroups:
      - apps
    resources:
      - statefulsets
    verbs:
      - create
      - get
      - list
      - watch
      - delete
      - update
  - apiGroups:
      - ''
    resources:
      - pods
    verbs:
      - get
      - list
      - watch
      - delete
      - deletecollection
  - apiGroups:
      - mongodbcommunity.mongodb.com
    resources:
      - mongodbcommunity
      - mongodbcommunity/status
      - mongodbcommunity/spec
      - mongodbcommunity/finalizers
    verbs:
      - '*'
  - apiGroups:
      - mongodb.com
    verbs:
      - '*'
    resources:
      - mongodb
      - mongodb/finalizers
      - mongodbusers
      - mongodbusers/finalizers
      - opsmanagers
      - opsmanagers/finalizers
      - mongodbmulticluster
      - mongodbmulticluster/finalizers
      - mongodbsearch
      - mongodbsearch/finalizers
      - mongodb/status
      - mongodbusers/status
      - opsmanagers/status
      - mongodbmulticluster/status
      - mongodbsearch/status

  - apiGroups:
      - ''
    resources:
      - persistentvolumeclaims
    verbs:
      - get
      - delete
      - list
      - watch
      - patch
      - update
---
# Source: mongodb-kubernetes/templates/database-roles.yaml
kind: RoleBinding
apiVersion: rbac.authorization.k8s.io/v1
metadata:
  name: mongodb-kubernetes-appdb
  namespace: mongodb
roleRef:
  apiGroup: rbac.authorization.k8s.io
  kind: Role
  name: mongodb-kubernetes-appdb
subjects:
  - kind: ServiceAccount
    name: mongodb-kubernetes-appdb
    namespace: mongodb
---
# Source: mongodb-kubernetes/templates/operator-roles.yaml
kind: RoleBinding
apiVersion: rbac.authorization.k8s.io/v1
metadata:
  name: mongodb-kubernetes-operator
  namespace: mongodb
roleRef:
  apiGroup: rbac.authorization.k8s.io
  kind: Role
  name: mongodb-kubernetes-operator
subjects:
  - kind: ServiceAccount
    name: mongodb-kubernetes-operator
    namespace: mongodb
---
# Source: mongodb-kubernetes/templates/operator.yaml
apiVersion: apps/v1
kind: Deployment
metadata:
  name: mongodb-kubernetes-operator
  namespace: mongodb
spec:
  replicas: 1
  selector:
    matchLabels:
      app.kubernetes.io/component: controller
      app.kubernetes.io/name: mongodb-kubernetes-operator
      app.kubernetes.io/instance: mongodb-kubernetes-operator
  template:
    metadata:
      labels:
        app.kubernetes.io/component: controller
        app.kubernetes.io/name: mongodb-kubernetes-operator
        app.kubernetes.io/instance: mongodb-kubernetes-operator
    spec:
      serviceAccountName: mongodb-kubernetes-operator
      securityContext:
        runAsNonRoot: true
        runAsUser: 2000
      imagePullSecrets:
        - name: image-registries-secret
      containers:
        - name: mongodb-kubernetes-operator
          image: "268558157000.dkr.ecr.us-east-1.amazonaws.com/dev/mongodb-kubernetes:681da7cd38e00c0007d35c5d"
          imagePullPolicy: Always
          args:
            - -watch-resource=mongodb
            - -watch-resource=opsmanagers
            - -watch-resource=mongodbusers
            - -watch-resource=mongodbcommunity
            - -watch-resource=mongodbsearch
          command:
            - /usr/local/bin/mongodb-kubernetes-operator
          resources:
            limits:
              cpu: 1100m
              memory: 1Gi
            requests:
              cpu: 500m
              memory: 200Mi
          env:
            - name: OPERATOR_ENV
              value: prod
            - name: MDB_DEFAULT_ARCHITECTURE
              value: non-static
            - name: NAMESPACE
              valueFrom:
                fieldRef:
                  fieldPath: metadata.namespace
            - name: WATCH_NAMESPACE
              valueFrom:
                fieldRef:
                  fieldPath: metadata.namespace
            - name: MDB_OPERATOR_TELEMETRY_COLLECTION_FREQUENCY
              value: "1m"
            - name: MDB_OPERATOR_TELEMETRY_SEND_ENABLED
              value: "false"
            - name: MDB_OPERATOR_TELEMETRY_SEND_FREQUENCY
              value: "168h"
            - name: CLUSTER_CLIENT_TIMEOUT
              value: "10"
            - name: IMAGE_PULL_POLICY
              value: Always
            # Database
            - name: MONGODB_ENTERPRISE_DATABASE_IMAGE
              value: 268558157000.dkr.ecr.us-east-1.amazonaws.com/dev/mongodb-kubernetes-database
            - name: INIT_DATABASE_IMAGE_REPOSITORY
              value: 268558157000.dkr.ecr.us-east-1.amazonaws.com/dev/mongodb-kubernetes-init-database
            - name: INIT_DATABASE_VERSION
              value: 681da7cd38e00c0007d35c5d
            - name: DATABASE_VERSION
              value: 681da7cd38e00c0007d35c5d
            # Ops Manager
            - name: OPS_MANAGER_IMAGE_REPOSITORY
              value: quay.io/mongodb/mongodb-enterprise-ops-manager-ubi
            - name: INIT_OPS_MANAGER_IMAGE_REPOSITORY
              value: 268558157000.dkr.ecr.us-east-1.amazonaws.com/dev/mongodb-kubernetes-init-ops-manager
            - name: INIT_OPS_MANAGER_VERSION
              value: 681da7cd38e00c0007d35c5d
            # AppDB
            - name: INIT_APPDB_IMAGE_REPOSITORY
              value: 268558157000.dkr.ecr.us-east-1.amazonaws.com/dev/mongodb-kubernetes-init-appdb
            - name: INIT_APPDB_VERSION
              value: 681da7cd38e00c0007d35c5d
            - name: OPS_MANAGER_IMAGE_PULL_POLICY
              value: Always
            - name: AGENT_IMAGE
              value: "268558157000.dkr.ecr.us-east-1.amazonaws.com/dev/mongodb-agent-ubi:108.0.2.8729-1"
            - name: MDB_AGENT_IMAGE_REPOSITORY
              value: "268558157000.dkr.ecr.us-east-1.amazonaws.com/dev/mongodb-agent-ubi"
            - name: MONGODB_IMAGE
              value: mongodb-enterprise-server
            - name: MONGODB_REPO_URL
              value: quay.io/mongodb
            - name: MDB_IMAGE_TYPE
              value: ubi9
            - name: PERFORM_FAILOVER
              value: 'true'
            - name: IMAGE_PULL_SECRETS
              value: image-registries-secret
            - name: MDB_MAX_CONCURRENT_RECONCILES
              value: "10"
            - name: POD_NAME
              valueFrom:
                fieldRef:
                  fieldPath: metadata.name
            - name: OPERATOR_NAME
              value: mongodb-kubernetes-operator
            # Community Env Vars Start
            - name: MDB_COMMUNITY_AGENT_IMAGE
              value: "quay.io/mongodb/mongodb-agent-ubi:108.0.2.8729-1"
            - name: VERSION_UPGRADE_HOOK_IMAGE
              value: "quay.io/mongodb/mongodb-kubernetes-operator-version-upgrade-post-start-hook:1.0.9"
            - name: READINESS_PROBE_IMAGE
              value: "quay.io/mongodb/mongodb-kubernetes-readinessprobe:1.0.22"
            - name: MDB_COMMUNITY_IMAGE
              value: "mongodb-community-server"
            - name: MDB_COMMUNITY_REPO_URL
              value: "quay.io/mongodb"
            - name: MDB_COMMUNITY_IMAGE_TYPE
              value: "ubi8"
            # Community Env Vars End
            - name: MDB_SEARCH_COMMUNITY_REPO_URL
              value: "quay.io/lsierant"
            - name: MDB_SEARCH_COMMUNITY_NAME
              value: "watchdiff"
            - name: MDB_SEARCH_COMMUNITY_VERSION
              value: "mongot-community-bd5ac"

