
Waiting for Backup to reach Running phase...
mongodbopsmanager.mongodb.com/om condition met
Waiting for Application Database to reach Running phase...
mongodbopsmanager.mongodb.com/om condition met

Waiting for Ops Manager to reach Running phase...
mongodbopsmanager.mongodb.com/om condition met

MongoDBOpsManager resource
NAME   REPLICAS   VERSION   STATE (OPSMANAGER)   STATE (APPDB)   STATE (BACKUP)   AGE   WARNINGS
om                8.0.5     Running              Running         Running          21m   

Pods running in cluster gke_scratch-kubernetes-team_europe-central2-a_k8s-mdb-0-686cc1e099f9ef000722c191-12412
NAME        READY   STATUS    RESTARTS   AGE
om-0-0      2/2     Running   0          4m36s
om-db-0-0   4/4     Running   0          10m
om-db-0-1   4/4     Running   0          11m
om-db-0-2   4/4     Running   0          13m

Pods running in cluster gke_scratch-kubernetes-team_europe-central2-b_k8s-mdb-1-686cc1e099f9ef000722c191-12412
NAME        READY   STATUS    RESTARTS   AGE
om-1-0      2/2     Running   0          5m8s
om-db-1-0   4/4     Running   0          8m59s
om-db-1-1   4/4     Running   0          6m44s

Pods running in cluster gke_scratch-kubernetes-team_europe-central2-c_k8s-mdb-2-686cc1e099f9ef000722c191-12412
NAME                   READY   STATUS    RESTARTS   AGE
om-2-backup-daemon-0   2/2     Running   0          116s
