{
  cursor: {
    id: 0,
    ns: 'sample_mflix.embedded_movies',
    firstBatch: [
      {
        id: '68ba080ea2d54a79efca0bcd',
        name: 'vector_index',
        type: 'vectorSearch',
        latestDefinition: {
          type: 'vectorSearch',
          indexID: ObjectId('68ba080ea2d54a79efca0bcd'),
          name: 'vector_index',
          database: 'sample_mflix',
          lastObservedCollectionName: 'embedded_movies',
          collectionUUID: UUID('cf7c49d4-6299-4da8-a36c-a5a2017c3077'),
          numPartitions: 1,
          fields: [
            {
              type: 'vector',
              path: 'plot_embedding_voyage_3_large',
              numDimensions: 2048,
              similarity: 'dotProduct',
              quantization: 'scalar'
            }
          ]
        }
      }
    ]
  },
  ok: 1,
  '$clusterTime': {
    clusterTime: Timestamp({ t: 1757022273, i: 7 }),
    signature: {
      hash: Binary.createFromBase64('kdWxyz35pdSme00nFy6jvg0fMQ0=', 0),
      keyId: Long('7546352109956890629')
    }
  },
  operationTime: Timestamp({ t: 1757022273, i: 7 })
}
