{
  cursor: {
    id: 0,
    ns: 'sample_mflix.movies',
    firstBatch: [
      {
        id: '68ba080ea2d54a79efca0bcc',
        name: 'default',
        type: 'search',
        latestDefinition: {
          indexID: ObjectId('68ba080ea2d54a79efca0bcc'),
          name: 'default',
          database: 'sample_mflix',
          lastObservedCollectionName: 'movies',
          collectionUUID: UUID('1946f612-6643-42ee-b3fe-a8c70dcb6c8f'),
          numPartitions: 1,
          mappings: { dynamic: true, fields: {} },
          indexFeatureVersion: 3
        }
      }
    ]
  },
  ok: 1,
  '$clusterTime': {
    clusterTime: Timestamp({ t: 1757022273, i: 7 }),
    signature: {
      hash: Binary.createFromBase64('kdWxyz35pdSme00nFy6jvg0fMQ0=', 0),
      keyId: Long('7546352109956890629')
    }
  },
  operationTime: Timestamp({ t: 1757022273, i: 7 })
}
